<?xml version="1.0" encoding="UTF-8"?>
<testsuite xmlns:xsi="http://www.w3.org/2001/XMLSchema-instance" xsi:noNamespaceSchemaLocation="https://maven.apache.org/surefire/maven-surefire-plugin/xsd/surefire-test-report.xsd" version="3.0.2" name="com.br.iasaude.saudemais.auth.controller.ProntuarioControllerTest" time="5.711" tests="9" errors="0" skipped="0" failures="0">
  <properties>
[...]
</properties>
  <testcase name="criarParaPacienteComoUserDeveRetornar403" classname="com.br.iasaude.saudemais.auth.controller.ProntuarioControllerTest" time="0.188">
    <system-out><![CDATA[19:32:58.642 [main] INFO org.springframework.test.context.support.AnnotationConfigContextLoaderUtils -- Could not detect default configuration classes for test class [com.br.iasaude.saudemais.auth.controller.ProntuarioControllerTest]: ProntuarioControllerTest does not declare any static, non-private, non-final, nested classes annotated with @Configuration.
19:32:58.824 [main] INFO org.springframework.boot.test.context.SpringBootTestContextBootstrapper -- Found @SpringBootConfiguration com.br.iasaude.saudemais.SaudeApplication for test class com.br.iasaude.saudemais.auth.controller.ProntuarioControllerTest
19:32:58.991 [main] INFO org.springframework.boot.devtools.restart.RestartApplicationListener -- Restart disabled due to context in which it is running
 ____    _   _   _ ____  _____            
/ ___|  / \ | | | |  _ \| ____| _     _   
\___ \ / _ \| | | | | | |  _| _| |_ _| |_ 
 ___) / ___ \ |_| | |_| | |__|_   _|_   _|
|____/_/   \_\___/|____/|_____||_|   |_|

]]></system-out>
    <system-err><![CDATA[Mockito is currently self-attaching to enable the inline-mock-maker. This will no longer work in future releases of the JDK. Please add Mockito as an agent to your build as described in Mockito's documentation: https://javadoc.io/doc/org.mockito/mockito-core/latest/org.mockito/org/mockito/Mockito.html#0.3
WARNING: A Java agent has been loaded dynamically (C:\Users\shalo\.m2\repository\net\bytebuddy\byte-buddy-agent\1.17.7\byte-buddy-agent-1.17.7.jar)
WARNING: If a serviceability tool is in use, please run with -XX:+EnableDynamicAgentLoading to hide this warning
WARNING: If a serviceability tool is not in use, please run with -Djdk.instrument.traceUsage for more information
WARNING: Dynamic loading of agents will be disallowed by default in a future release
]]></system-err>
  </testcase>
  <testcase name="deletarComoAdminQuandoNaoExisteDeveRetornar404" classname="com.br.iasaude.saudemais.auth.controller.ProntuarioControllerTest" time="0.034"/>
  <testcase name="deletarComoAdminDeveRetornar200" classname="com.br.iasaude.saudemais.auth.controller.ProntuarioControllerTest" time="0.053"/>
  <testcase name="deletarComoUserDeveRetornar403" classname="com.br.iasaude.saudemais.auth.controller.ProntuarioControllerTest" time="0.006"/>
  <testcase name="buscarPorPacienteComoUserDeveRetornar200" classname="com.br.iasaude.saudemais.auth.controller.ProntuarioControllerTest" time="0.026"/>
  <testcase name="criarParaPacienteComoAdminDeveRetornar200" classname="com.br.iasaude.saudemais.auth.controller.ProntuarioControllerTest" time="0.019"/>
  <testcase name="buscarPorPacienteQuandoNaoExisteDeveRetornar404" classname="com.br.iasaude.saudemais.auth.controller.ProntuarioControllerTest" time="0.007"/>
  <testcase name="interpretarIaComoUserDeveRetornar200ComResposta" classname="com.br.iasaude.saudemais.auth.controller.ProntuarioControllerTest" time="0.008"/>
  <testcase name="atualizarComoUserDeveRetornar200" classname="com.br.iasaude.saudemais.auth.controller.ProntuarioControllerTest" time="0.007"/>
</testsuite>